<?xml version="1.0" encoding="UTF-8"?><testrun name="CommentsDaoTest" project="Blog" tests="2" started="2" failures="0" errors="1" ignored="0">
  <testsuite name="com.Blog.Dao.test.CommentsDaoTest" time="0.197">
    <testcase name="testAddComent" classname="com.Blog.Dao.test.CommentsDaoTest" time="0.173">
      <error>java.lang.IllegalArgumentException: attempt to create saveOrUpdate event with null entity&#13;
	at org.hibernate.event.spi.SaveOrUpdateEvent.&lt;init&gt;(SaveOrUpdateEvent.java:45)&#13;
	at org.hibernate.event.spi.SaveOrUpdateEvent.&lt;init&gt;(SaveOrUpdateEvent.java:28)&#13;
	at org.hibernate.internal.SessionImpl.save(SessionImpl.java:671)&#13;
	at org.hibernate.internal.SessionImpl.save(SessionImpl.java:666)&#13;
	at com.Blog.Dao.CommentsDao.addComment(CommentsDao.java:38)&#13;
	at com.Blog.Dao.test.CommentsDaoTest.testAddComent(CommentsDaoTest.java:145)&#13;
	at sun.reflect.NativeMethodAccessorImpl.invoke0(Native Method)&#13;
	at sun.reflect.NativeMethodAccessorImpl.invoke(NativeMethodAccessorImpl.java:62)&#13;
	at sun.reflect.DelegatingMethodAccessorImpl.invoke(DelegatingMethodAccessorImpl.java:43)&#13;
	at java.lang.reflect.Method.invoke(Method.java:497)&#13;
	at org.junit.runners.model.FrameworkMethod$1.runReflectiveCall(FrameworkMethod.java:50)&#13;
	at org.junit.internal.runners.model.ReflectiveCallable.run(ReflectiveCallable.java:12)&#13;
	at org.junit.runners.model.FrameworkMethod.invokeExplosively(FrameworkMethod.java:47)&#13;
	at org.junit.internal.runners.statements.InvokeMethod.evaluate(InvokeMethod.java:17)&#13;
	at org.junit.internal.runners.statements.RunBefores.evaluate(RunBefores.java:26)&#13;
	at org.junit.internal.runners.statements.RunAfters.evaluate(RunAfters.java:27)&#13;
	at org.junit.runners.ParentRunner.runLeaf(ParentRunner.java:325)&#13;
	at org.junit.runners.BlockJUnit4ClassRunner.runChild(BlockJUnit4ClassRunner.java:78)&#13;
	at org.junit.runners.BlockJUnit4ClassRunner.runChild(BlockJUnit4ClassRunner.java:57)&#13;
	at org.junit.runners.ParentRunner$3.run(ParentRunner.java:290)&#13;
	at org.junit.runners.ParentRunner$1.schedule(ParentRunner.java:71)&#13;
	at org.junit.runners.ParentRunner.runChildren(ParentRunner.java:288)&#13;
	at org.junit.runners.ParentRunner.access$000(ParentRunner.java:58)&#13;
	at org.junit.runners.ParentRunner$2.evaluate(ParentRunner.java:268)&#13;
	at org.junit.runners.ParentRunner.run(ParentRunner.java:363)&#13;
	at org.eclipse.jdt.internal.junit4.runner.JUnit4TestReference.run(JUnit4TestReference.java:50)&#13;
	at org.eclipse.jdt.internal.junit.runner.TestExecution.run(TestExecution.java:38)&#13;
	at org.eclipse.jdt.internal.junit.runner.RemoteTestRunner.runTests(RemoteTestRunner.java:459)&#13;
	at org.eclipse.jdt.internal.junit.runner.RemoteTestRunner.runTests(RemoteTestRunner.java:675)&#13;
	at org.eclipse.jdt.internal.junit.runner.RemoteTestRunner.run(RemoteTestRunner.java:382)&#13;
	at org.eclipse.jdt.internal.junit.runner.RemoteTestRunner.main(RemoteTestRunner.java:192)&#13;
&#13;
</error>
    </testcase>
    <testcase name="testAddComment" classname="com.Blog.Dao.test.CommentsDaoTest" time="0.024"/>
  </testsuite>
</testrun>
